[    1723ms] Error: Hydration failed because the server rendered HTML didn't match the client. As a result this tree will be regenerated on the client. This can happen if a SSR-ed Client Component used:

- A server/client branch `if (typeof window !== 'undefined')`.
- Variable input such as `Date.now()` or `Math.random()` which changes each time it's called.
- Date formatting in a user's locale which doesn't match the server.
- External changing data without sending a snapshot of it along with the HTML.
- Invalid HTML tag nesting.

It can also happen if the client has a browser extension installed which messes with the HTML before React loaded.

https://react.dev/link/hydration-mismatch

  ...
    <LoadingBoundary name="chat/" loading={null}>
      <HTTPAccessFallbackBoundary notFound={undefined} forbidden={undefined} unauthorized={undefined}>
        <RedirectBoundary>
          <RedirectErrorBoundary router={{...}}>
            <InnerLayoutRouter url="/chat" tree={[...]} params={{}} cacheNode={{rsc:<Fragment>, ...}} segmentPath={[...]} ...>
              <SegmentViewNode type="page" pagePath="(public)/c...">
                <SegmentTrieNode>
                <ChatPage>
                  <Suspense fallback={<ChatInterface>}>
                    <ChatPageContent>
                      <ChatInterface>
                        <div className="flex h-screen">
                          <SessionSidebar>
                          <div className="flex-1 fle...">
                            <header className="flex items...">
                              <button>
                              <h1>
                              <div className="flex items...">
                                <button
                                  onClick={function onClick}
+                                 className="flex items-center gap-1.5 px-2.5 py-1.5 text-xs font-medium rounded-md bo..."
-                                 className="w-8 h-8 flex items-center justify-center rounded-md border border-border ..."
-                                 title="Toggle theme"
                                >
+                                 <span className="w-1.5 h-1.5 rounded-full bg-primary">
-                                 <svg
-                                   xmlns="http://www.w3.org/2000/svg"
-                                   width="24"
-                                   height="24"
-                                   viewBox="0 0 24 24"
-                                   fill="none"
-                                   stroke="currentColor"
-                                   stroke-width="2"
-                                   stroke-linecap="round"
-                                   stroke-linejoin="round"
-                                   className="lucide lucide-moon w-4 h-4"
-                                   aria-hidden="true"
-                                 >
                                  ...
                                ...
                            ...
              ...
            ...

    at throwOnHydrationMismatch (http://localhost:3000/_next/static/chunks/node_modules_next_dist_compiled_react-dom_1e674e59._.js:3348:56)
    at beginWork (http://localhost:3000/_next/static/chunks/node_modules_next_dist_compiled_react-dom_1e674e59._.js:6775:918)
    at runWithFiberInDEV (http://localhost:3000/_next/static/chunks/node_modules_next_dist_compiled_react-dom_1e674e59._.js:965:74)
    at performUnitOfWork (http://localhost:3000/_next/static/chunks/node_modules_next_dist_compiled_react-dom_1e674e59._.js:9562:97)
    at workLoopConcurrentByScheduler (http://localhost:3000/_next/static/chunks/node_modules_next_dist_compiled_react-dom_1e674e59._.js:9558:58)
    at renderRootConcurrent (http://localhost:3000/_next/static/chunks/node_modules_next_dist_compiled_react-dom_1e674e59._.js:9541:71)
    at performWorkOnRoot (http://localhost:3000/_next/static/chunks/node_modules_next_dist_compiled_react-dom_1e674e59._.js:9068:150)
    at performWorkOnRootViaSchedulerTask (http://localhost:3000/_next/static/chunks/node_modules_next_dist_compiled_react-dom_1e674e59._.js:10230:9)
    at MessagePort.performWorkUntilDeadline (http://localhost:3000/_next/static/chunks/node_modules_next_dist_compiled_a0e4c7b4._.js:2647:64)
